<?xml version="1.0" encoding="UTF-8"?>
<!-- Generated by org.testng.reporters.JUnitXMLReporter -->
<testsuite ignored="0" hostname="Hassan-k" failures="0" tests="4" name="Default test" time="15.506" errors="0" timestamp="2023-04-14T15:52:21 EDT">
  <testcase classname="testCases.TestCases" name="registrationTest" time="2.834"/>
  <testcase classname="testCases.TestCases" name="logoutTest" time="0.961"/>
  <testcase classname="testCases.TestCases" name="loginTest" time="1.783"/>
  <testcase classname="testCases.TestCases" name="searchTest" time="0.907"/>
</testsuite> <!-- Default test -->
