<?xml version="1.0" encoding="UTF-8"?>
<!-- Generated by org.testng.reporters.JUnitXMLReporter -->
<testsuite ignored="0" hostname="Hassan-k" failures="0" tests="4" name="Test" time="16.728" errors="0" timestamp="2023-04-15T00:26:44 EDT">
  <testcase classname="testCases.TestCases" name="registrationTest" time="3.017"/>
  <testcase classname="testCases.TestCases" name="logoutTest" time="1.036"/>
  <testcase classname="testCases.TestCases" name="loginTest" time="2.071"/>
  <testcase classname="testCases.TestCases" name="searchTest" time="1.002"/>
</testsuite> <!-- Test -->
