<?xml version="1.0" encoding="UTF-8"?>
<!-- Generated by org.testng.reporters.JUnitXMLReporter -->
<testsuite ignored="0" hostname="Hassan-k" failures="1" tests="4" name="Test" time="10.535" errors="0" timestamp="2023-04-15T01:07:46 EDT">
  <testcase classname="testCases.TestCases" name="registrationTest" time="2.748">
    <failure type="java.lang.AssertionError" message="expected [Register Account] but found [Your Account Has Been Created!]">
      <![CDATA[java.lang.AssertionError: expected [Register Account] but found [Your Account Has Been Created!]
at testCases.TestCases.registrationTest(TestCases.java:25)
at java.base/java.util.ArrayList.forEach(ArrayList.java:1511)
... Removed 35 stack frames]]>
    </failure>
  </testcase> <!-- registrationTest -->
  <testcase classname="testCases.TestCases" name="logoutTest" time="0.0">
    <skipped/>
  </testcase> <!-- logoutTest -->
  <testcase classname="testCases.TestCases" name="loginTest" time="0.0">
    <skipped/>
  </testcase> <!-- loginTest -->
  <testcase classname="testCases.TestCases" name="searchTest" time="0.0">
    <skipped/>
  </testcase> <!-- searchTest -->
</testsuite> <!-- Test -->
