<?xml version="1.0" encoding="UTF-8"?>
<testsuite xmlns:xsi="http://www.w3.org/2001/XMLSchema-instance" xsi:noNamespaceSchemaLocation="https://maven.apache.org/surefire/maven-surefire-plugin/xsd/surefire-test-report.xsd" name="TestSuite" time="11.568" tests="4" errors="0" skipped="3" failures="1">
  <properties>
[...]
</properties>
  <testcase name="registrationTest" classname="testCases.TestCases" time="2.775">
    <failure message="expected [Register Account] but found [Your Account Has Been Created!]" type="java.lang.AssertionError">java.lang.AssertionError: expected [Register Account] but found [Your Account Has Been Created!]
	at testCases.TestCases.registrationTest(TestCases.java:25)
</failure>
    <system-err><![CDATA[SLF4J: Failed to load class "org.slf4j.impl.StaticLoggerBinder".
SLF4J: Defaulting to no-operation (NOP) logger implementation
SLF4J: See http://www.slf4j.org/codes.html#StaticLoggerBinder for further details.
log4j:WARN No appenders could be found for logger (io.netty.util.internal.logging.InternalLoggerFactory).
log4j:WARN Please initialize the log4j system properly.
Starting ChromeDriver 112.0.5615.49 (bd2a7bcb881c11e8cfe3078709382934e3916914-refs/branch-heads/5615@{#936}) on port 5865
Only local connections are allowed.
Please see https://chromedriver.chromium.org/security-considerations for suggestions on keeping ChromeDriver safe.
ChromeDriver was started successfully.
Apr 15, 2023 1:07:40 AM org.openqa.selenium.devtools.CdpVersionFinder findNearestMatch
WARNING: Unable to find an exact match for CDP version 112, so returning the closest version found: 111
]]></system-err>
  </testcase>
  <testcase name="logoutTest" classname="testCases.TestCases" time="0">
    <skipped message="Method testCases.TestCases.logoutTest() on instance testCases.TestCases@2f7298b depends on not successfully finished methods &#10;[testCases.TestCases.registrationTest() on instance testCases.TestCases@2f7298b]"/>
  </testcase>
  <testcase name="loginTest" classname="testCases.TestCases" time="0">
    <skipped message="Method testCases.TestCases.loginTest() on instance testCases.TestCases@2f7298b depends on not successfully finished methods &#10;[testCases.TestCases.logoutTest() on instance testCases.TestCases@2f7298b]"/>
  </testcase>
  <testcase name="searchTest" classname="testCases.TestCases" time="0">
    <skipped message="Method testCases.TestCases.searchTest() on instance testCases.TestCases@2f7298b depends on not successfully finished methods &#10;[testCases.TestCases.loginTest() on instance testCases.TestCases@2f7298b]"/>
  </testcase>
</testsuite>